# JRE version: 7.0_10-b18
# Java VM: Java HotSpot(TM) Client VM (23.6-b04 mixed mode windows-x86 )
Heap
 def new generation   total 48768K, used 2847K [0x05540000, 0x08a20000, 0x0aa90000)
  eden space 43392K,   6% used [0x05540000, 0x05807580, 0x07fa0000)
  from space 5376K,   0% used [0x07fa0000, 0x07fa07a0, 0x084e0000)
  to   space 5376K,   0% used [0x084e0000, 0x084e0000, 0x08a20000)
 tenured generation   total 108204K, used 64920K [0x0aa90000, 0x1143b000, 0x15540000)
   the space 108204K,  59% used [0x0aa90000, 0x0e9f6390, 0x0e9f6400, 0x1143b000)
 compacting perm gen  total 12288K, used 7975K [0x15540000, 0x16140000, 0x19540000)
   the space 12288K,  64% used [0x15540000, 0x15d09dd8, 0x15d09e00, 0x16140000)
GC Heap History (10 events):
Event: 381.664 GC heap before
{Heap before GC invocations=24 (full 5):
 def new generation   total 38528K, used 34304K [0x05540000, 0x07f00000, 0x0aa90000)
  eden space 34304K, 100% used [0x05540000, 0x076c0000, 0x076c0000)
  from space 4224K,   0% used [0x076c0000, 0x076c02c0, 0x07ae0000)
  to   space 4224K,   0% used [0x07ae0000, 0x07ae0000, 0x07f00000)
 tenured generation   total 85336K, used 64917K [0x0aa90000, 0x0fde6000, 0x15540000)
   the space 85336K,  76% used [0x0aa90000, 0x0e9f5758, 0x0e9f5800, 0x0fde6000)
 compacting perm gen  total 12288K, used 7812K [0x15540000, 0x16140000, 0x19540000)
   the space 12288K,  63% used [0x15540000, 0x15ce1318, 0x15ce1400, 0x16140000)
No shared spaces configured.
Event: 381.665 GC heap after
Heap after GC invocations=25 (full 5):
 def new generation   total 38528K, used 2K [0x05540000, 0x07f00000, 0x0aa90000)
  eden space 34304K,   0% used [0x05540000, 0x05540000, 0x076c0000)
  from space 4224K,   0% used [0x07ae0000, 0x07ae0a70, 0x07f00000)
  to   space 4224K,   0% used [0x076c0000, 0x076c0000, 0x07ae0000)
 tenured generation   total 85336K, used 64917K [0x0aa90000, 0x0fde6000, 0x15540000)
   the space 85336K,  76% used [0x0aa90000, 0x0e9f5758, 0x0e9f5800, 0x0fde6000)
 compacting perm gen  total 12288K, used 7812K [0x15540000, 0x16140000, 0x19540000)
   the space 12288K,  63% used [0x15540000, 0x15ce1318, 0x15ce1400, 0x16140000)
No shared spaces configured.
}
Event: 397.771 GC heap before
{Heap before GC invocations=25 (full 5):
 def new generation   total 38528K, used 8851K [0x05540000, 0x07f00000, 0x0aa90000)
  eden space 34304K,  25% used [0x05540000, 0x05de4208, 0x076c0000)
  from space 4224K,   0% used [0x07ae0000, 0x07ae0a70, 0x07f00000)
  to   space 4224K,   0% used [0x076c0000, 0x076c0000, 0x07ae0000)
 tenured generation   total 85336K, used 64917K [0x0aa90000, 0x0fde6000, 0x15540000)
   the space 85336K,  76% used [0x0aa90000, 0x0e9f5758, 0x0e9f5800, 0x0fde6000)
 compacting perm gen  total 12288K, used 7812K [0x15540000, 0x16140000, 0x19540000)
   the space 12288K,  63% used [0x15540000, 0x15ce1338, 0x15ce1400, 0x16140000)
No shared spaces configured.
Event: 397.772 GC heap after
Heap after GC invocations=26 (full 5):
 def new generation   total 38528K, used 3K [0x05540000, 0x07f00000, 0x0aa90000)
  eden space 34304K,   0% used [0x05540000, 0x05540000, 0x076c0000)
  from space 4224K,   0% used [0x076c0000, 0x076c0e18, 0x07ae0000)
  to   space 4224K,   0% used [0x07ae0000, 0x07ae0000, 0x07f00000)
 tenured generation   total 85336K, used 64917K [0x0aa90000, 0x0fde6000, 0x15540000)
   the space 85336K,  76% used [0x0aa90000, 0x0e9f5758, 0x0e9f5800, 0x0fde6000)
 compacting perm gen  total 12288K, used 7812K [0x15540000, 0x16140000, 0x19540000)
   the space 12288K,  63% used [0x15540000, 0x15ce1338, 0x15ce1400, 0x16140000)
No shared spaces configured.
}
Event: 397.827 GC heap before
{Heap before GC invocations=26 (full 5):
 def new generation   total 38528K, used 34307K [0x05540000, 0x07f00000, 0x0aa90000)
  eden space 34304K, 100% used [0x05540000, 0x076c0000, 0x076c0000)
  from space 4224K,   0% used [0x076c0000, 0x076c0e18, 0x07ae0000)
  to   space 4224K,   0% used [0x07ae0000, 0x07ae0000, 0x07f00000)
 tenured generation   total 85336K, used 64917K [0x0aa90000, 0x0fde6000, 0x15540000)
   the space 85336K,  76% used [0x0aa90000, 0x0e9f5758, 0x0e9f5800, 0x0fde6000)
 compacting perm gen  total 12288K, used 7812K [0x15540000, 0x16140000, 0x19540000)
   the space 12288K,  63% used [0x15540000, 0x15ce1338, 0x15ce1400, 0x16140000)
No shared spaces configured.
Event: 397.875 GC heap after
Heap after GC invocations=27 (full 6):
 def new generation   total 48768K, used 0K [0x05540000, 0x08a20000, 0x0aa90000)
  eden space 43392K,   0% used [0x05540000, 0x05540000, 0x07fa0000)
  from space 5376K,   0% used [0x07fa0000, 0x07fa0000, 0x084e0000)
  to   space 5376K,   0% used [0x084e0000, 0x084e0000, 0x08a20000)
 tenured generation   total 108204K, used 64920K [0x0aa90000, 0x1143b000, 0x15540000)
   the space 108204K,  59% used [0x0aa90000, 0x0e9f6390, 0x0e9f6400, 0x1143b000)
 compacting perm gen  total 12288K, used 7812K [0x15540000, 0x16140000, 0x19540000)
   the space 12288K,  63% used [0x15540000, 0x15ce1338, 0x15ce1400, 0x16140000)
No shared spaces configured.
}
Event: 470.482 GC heap before
{Heap before GC invocations=27 (full 6):
 def new generation   total 48768K, used 43392K [0x05540000, 0x08a20000, 0x0aa90000)
  eden space 43392K, 100% used [0x05540000, 0x07fa0000, 0x07fa0000)
  from space 5376K,   0% used [0x07fa0000, 0x07fa0000, 0x084e0000)
  to   space 5376K,   0% used [0x084e0000, 0x084e0000, 0x08a20000)
 tenured generation   total 108204K, used 64920K [0x0aa90000, 0x1143b000, 0x15540000)
   the space 108204K,  59% used [0x0aa90000, 0x0e9f6390, 0x0e9f6400, 0x1143b000)
 compacting perm gen  total 12288K, used 7855K [0x15540000, 0x16140000, 0x19540000)
   the space 12288K,  63% used [0x15540000, 0x15cebf90, 0x15cec000, 0x16140000)
No shared spaces configured.
Event: 470.482 GC heap after
Heap after GC invocations=28 (full 6):
 def new generation   total 48768K, used 2K [0x05540000, 0x08a20000, 0x0aa90000)
  eden space 43392K,   0% used [0x05540000, 0x05540000, 0x07fa0000)
  from space 5376K,   0% used [0x084e0000, 0x084e08a0, 0x08a20000)
  to   space 5376K,   0% used [0x07fa0000, 0x07fa0000, 0x084e0000)
 tenured generation   total 108204K, used 64920K [0x0aa90000, 0x1143b000, 0x15540000)
   the space 108204K,  59% used [0x0aa90000, 0x0e9f6390, 0x0e9f6400, 0x1143b000)
 compacting perm gen  total 12288K, used 7855K [0x15540000, 0x16140000, 0x19540000)
   the space 12288K,  63% used [0x15540000, 0x15cebf90, 0x15cec000, 0x16140000)
No shared spaces configured.
}
Event: 548.845 GC heap before
{Heap before GC invocations=28 (full 6):
 def new generation   total 48768K, used 43394K [0x05540000, 0x08a20000, 0x0aa90000)
  eden space 43392K, 100% used [0x05540000, 0x07fa0000, 0x07fa0000)
  from space 5376K,   0% used [0x084e0000, 0x084e08a0, 0x08a20000)
  to   space 5376K,   0% used [0x07fa0000, 0x07fa0000, 0x084e0000)
 tenured generation   total 108204K, used 64920K [0x0aa90000, 0x1143b000, 0x15540000)
   the space 108204K,  59% used [0x0aa90000, 0x0e9f6390, 0x0e9f6400, 0x1143b000)
 compacting perm gen  total 12288K, used 7966K [0x15540000, 0x16140000, 0x19540000)
   the space 12288K,  64% used [0x15540000, 0x15d07bc8, 0x15d07c00, 0x16140000)
No shared spaces configured.
Event: 548.846 GC heap after
Heap after GC invocations=29 (full 6):
 def new generation   total 48768K, used 1K [0x05540000, 0x08a20000, 0x0aa90000)
  eden space 43392K,   0% used [0x05540000, 0x05540000, 0x07fa0000)
  from space 5376K,   0% used [0x07fa0000, 0x07fa07a0, 0x084e0000)
  to   space 5376K,   0% used [0x084e0000, 0x084e0000, 0x08a20000)
 tenured generation   total 108204K, used 64920K [0x0aa90000, 0x1143b000, 0x15540000)
   the space 108204K,  59% used [0x0aa90000, 0x0e9f6390, 0x0e9f6400, 0x1143b000)
 compacting perm gen  total 12288K, used 7966K [0x15540000, 0x16140000, 0x19540000)
   the space 12288K,  64% used [0x15540000, 0x15d07bc8, 0x15d07c00, 0x16140000)
No shared spaces configured.
}

